<?xml version="1.0" encoding="UTF-8"?>
<!-- Generated by org.testng.reporters.JUnitReportReporter -->
<testsuite skipped="0" hostname="DESKTOP-5V3Q9AB" name="com.training.sanity.tests.LoginTests" tests="1" failures="0" timestamp="04 Mar 2020 04:26:10 GMT" time="46.251" errors="0">
  <testcase name="validLoginTest" time="46.251" classname="com.training.sanity.tests.LoginTests"/>
</testsuite> <!-- com.training.sanity.tests.LoginTests -->
