<?xml version="1.0" encoding="UTF-8"?>
<!-- Generated by org.testng.reporters.JUnitReportReporter -->
<testsuite skipped="0" hostname="DESKTOP-5V3Q9AB" name="com.training.sanity.tests.MediumTestAsgnmt1" tests="3" failures="0" timestamp="13 Mar 2020 13:01:25 GMT" time="149.252" errors="0">
  <testcase name="viewAddedPropertybyAdmin" time="44.309" classname="com.training.sanity.tests.MediumTestAsgnmt1"/>
  <testcase name="addNewPropertybyAdmin" time="54.997" classname="com.training.sanity.tests.MediumTestAsgnmt1"/>
  <testcase name="CustomerViewEnquireandCalculateLoan" time="49.946" classname="com.training.sanity.tests.MediumTestAsgnmt1"/>
</testsuite> <!-- com.training.sanity.tests.MediumTestAsgnmt1 -->
