<?xml version="1.0" encoding="UTF-8"?>
<!-- Generated by org.testng.reporters.JUnitReportReporter -->
<testsuite skipped="0" hostname="DESKTOP-5V3Q9AB" name="com.training.sanity.tests.MediumTestAsgnmt1" tests="3" failures="0" timestamp="13 Mar 2020 11:36:37 GMT" time="130.801" errors="0">
  <testcase name="viewAddedPropertybyAdmin" time="41.202" classname="com.training.sanity.tests.MediumTestAsgnmt1"/>
  <testcase name="addNewPropertybyAdmin" time="45.467" classname="com.training.sanity.tests.MediumTestAsgnmt1"/>
  <testcase name="CustomerViewEnquireandCalculateLoan" time="44.132" classname="com.training.sanity.tests.MediumTestAsgnmt1"/>
</testsuite> <!-- com.training.sanity.tests.MediumTestAsgnmt1 -->
