<?xml version="1.0" encoding="UTF-8"?>
<!-- Generated by org.testng.reporters.JUnitReportReporter -->
<testsuite skipped="0" hostname="DESKTOP-5V3Q9AB" name="com.training.sanity.tests.LoginTestAsgnmt1" tests="3" failures="0" timestamp="10 Mar 2020 05:10:22 GMT" time="81.173" errors="0">
  <testcase name="validLoginTest" time="21.946" classname="com.training.sanity.tests.LoginTestAsgnmt1"/>
  <testcase name="validrocoverPasswordTest" time="26.866" classname="com.training.sanity.tests.LoginTestAsgnmt1"/>
  <testcase name="validRegTest" time="32.361" classname="com.training.sanity.tests.LoginTestAsgnmt1"/>
</testsuite> <!-- com.training.sanity.tests.LoginTestAsgnmt1 -->
