<?xml version="1.0" encoding="UTF-8"?>
<!-- Generated by org.testng.reporters.JUnitReportReporter -->
<testsuite skipped="0" hostname="DESKTOP-5V3Q9AB" name="com.training.sanity.tests.LoginTests" tests="1" failures="0" timestamp="03 Mar 2020 10:46:24 GMT" time="30.237" errors="0">
  <testcase name="validLoginTest" time="30.237" classname="com.training.sanity.tests.LoginTests"/>
</testsuite> <!-- com.training.sanity.tests.LoginTests -->
